<?xml version="1.0" encoding="UTF-8"?>
<beans xmlns="http://www.springframework.org/schema/beans"
       xmlns:xsi="http://www.w3.org/2001/XMLSchema-instance"
       xmlns:context="http://www.springframework.org/schema/context"
       xmlns:tx="http://www.springframework.org/schema/tx"
       xmlns:aop="http://www.springframework.org/schema/aop"
       xsi:schemaLocation="http://www.springframework.org/schema/beans
                           http://www.springframework.org/schema/beans/spring-beans.xsd
                           http://www.springframework.org/schema/mvc
                           http://www.springframework.org/schema/mvc/spring-mvc.xsd
                           http://www.springframework.org/schema/tx 
                           http://www.springframework.org/schema/tx/spring-tx-3.0.xsd
                           http://www.springframework.org/schema/context
                           http://www.springframework.org/schema/context/spring-context.xsd
       http://www.springframework.org/schema/aop http://www.springframework.org/schema/aop/spring-aop-3.2.xsd"> 

    <!-- Bean definitions go here -->
    
    <tx:annotation-driven/>
    <bean id="datasource" class="org.apache.commons.dbcp.BasicDataSource">
        <property name="driverClassName" value="com.mysql.jdbc.Driver"/>
        <property name="url" value="jdbc:mysql://localhost:3306/holiday_test"/>
        <property name="username" value="root"/>
        <property name="password" value="!2qwaszx"/>
        <property name="initialSize" value="5"/>
        <property name="maxActive" value="10"/>
    </bean>
    <bean id="transactionManager" class="org.springframework.jdbc.datasource.DataSourceTransactionManager">
        <property name="dataSource" ref="datasource"/>
    </bean>
    <bean id="jdbcTemplate" class="org.springframework.jdbc.core.JdbcTemplate">
        <property name="dataSource" ref="datasource"/>
    </bean>
    <bean id="pageDao" class="com.thesoftwareguild.capstonecms.daos.PageDaoDbImpl">
        <constructor-arg ref="jdbcTemplate"/>
    </bean>
    <bean id="categoryDao" class="com.thesoftwareguild.capstonecms.daos.CategoryDaoDbImpl">
        <constructor-arg ref="jdbcTemplate"/>
    </bean>
    <bean id="tagDao" class="com.thesoftwareguild.capstonecms.daos.TagDaoDbImpl">
        <constructor-arg ref="jdbcTemplate"/>
    </bean>
    <bean id="postDao" class="com.thesoftwareguild.capstonecms.daos.PostDaoDbImpl">
        <constructor-arg ref="jdbcTemplate"/>
        <constructor-arg ref="tagDao"/>
        <constructor-arg ref="categoryDao"/>
    </bean>
    <bean id="fileDao" class="com.thesoftwareguild.capstonecms.daos.FileUploadDao">
        <constructor-arg ref="jdbcTemplate"/>
    </bean>
    <bean id="multipartResolver" class="org.springframework.web.multipart.support.StandardServletMultipartResolver">
    </bean>
</beans>